22-12-2024 13:59:38 - Call to undefined method Eshop::getDb() in C:\Users\polag\eshop\index.php:11
22-12-2024 13:59:39 - Call to undefined method Eshop::getDb() in C:\Users\polag\eshop\index.php:11
22-12-2024 13:59:42 - Call to undefined method Eshop::getDb() in C:\Users\polag\eshop\index.php:11
22-12-2024 13:59:42 - Call to undefined method Eshop::getDb() in C:\Users\polag\eshop\index.php:11
22-12-2024 13:59:45 - Call to undefined method Eshop::getDb() in C:\Users\polag\eshop\index.php:11
22-12-2024 13:59:45 - Call to undefined method Eshop::getDb() in C:\Users\polag\eshop\index.php:11
22-12-2024 13:59:48 - Call to undefined method Eshop::getDb() in C:\Users\polag\eshop\index.php:11
22-12-2024 13:59:48 - Call to undefined method Eshop::getDb() in C:\Users\polag\eshop\index.php:11
22-12-2024 13:59:48 - Call to undefined method Eshop::getDb() in C:\Users\polag\eshop\index.php:11
22-12-2024 13:59:48 - Call to undefined method Eshop::getDb() in C:\Users\polag\eshop\index.php:11
22-12-2024 13:59:51 - Call to undefined method Eshop::getDb() in C:\Users\polag\eshop\index.php:11
22-12-2024 13:59:51 - Call to undefined method Eshop::getDb() in C:\Users\polag\eshop\index.php:11
22-12-2024 13:59:54 - Call to undefined method Eshop::getDb() in C:\Users\polag\eshop\index.php:11
22-12-2024 13:59:54 - Call to undefined method Eshop::getDb() in C:\Users\polag\eshop\index.php:11
22-12-2024 13:59:57 - Call to undefined method Eshop::getDb() in C:\Users\polag\eshop\index.php:11
22-12-2024 13:59:57 - Call to undefined method Eshop::getDb() in C:\Users\polag\eshop\index.php:11
22-12-2024 13:59:58 - Call to undefined method Eshop::getDb() in C:\Users\polag\eshop\index.php:11
22-12-2024 13:59:58 - Call to undefined method Eshop::getDb() in C:\Users\polag\eshop\index.php:11
22-12-2024 14:00:01 - Call to undefined method Eshop::getDb() in C:\Users\polag\eshop\index.php:11
22-12-2024 14:00:01 - Call to undefined method Eshop::getDb() in C:\Users\polag\eshop\index.php:11
22-12-2024 14:00:04 - Call to undefined method Eshop::getDb() in C:\Users\polag\eshop\index.php:11
22-12-2024 14:00:04 - Call to undefined method Eshop::getDb() in C:\Users\polag\eshop\index.php:11
22-12-2024 14:00:07 - Call to undefined method Eshop::getDb() in C:\Users\polag\eshop\index.php:11
22-12-2024 14:00:07 - Call to undefined method Eshop::getDb() in C:\Users\polag\eshop\index.php:11
22-12-2024 14:00:10 - Call to undefined method Eshop::getDb() in C:\Users\polag\eshop\index.php:11
22-12-2024 14:00:10 - Call to undefined method Eshop::getDb() in C:\Users\polag\eshop\index.php:11
22-12-2024 14:00:13 - Call to undefined method Eshop::getDb() in C:\Users\polag\eshop\index.php:11
22-12-2024 14:00:13 - Call to undefined method Eshop::getDb() in C:\Users\polag\eshop\index.php:11
22-12-2024 14:00:15 - Call to undefined method Eshop::getDb() in C:\Users\polag\eshop\index.php:11
22-12-2024 14:00:15 - Call to undefined method Eshop::getDb() in C:\Users\polag\eshop\index.php:11
22-12-2024 14:00:18 - Call to undefined method Eshop::getDb() in C:\Users\polag\eshop\index.php:11
22-12-2024 14:00:18 - Call to undefined method Eshop::getDb() in C:\Users\polag\eshop\index.php:11
22-12-2024 14:00:21 - Call to undefined method Eshop::getDb() in C:\Users\polag\eshop\index.php:11
22-12-2024 14:00:21 - Call to undefined method Eshop::getDb() in C:\Users\polag\eshop\index.php:11
22-12-2024 14:00:24 - Call to undefined method Eshop::getDb() in C:\Users\polag\eshop\index.php:11
22-12-2024 14:00:24 - Call to undefined method Eshop::getDb() in C:\Users\polag\eshop\index.php:11
22-12-2024 14:00:27 - Call to undefined method Eshop::getDb() in C:\Users\polag\eshop\index.php:11
22-12-2024 14:00:27 - Call to undefined method Eshop::getDb() in C:\Users\polag\eshop\index.php:11
22-12-2024 14:00:30 - Call to undefined method Eshop::getDb() in C:\Users\polag\eshop\index.php:11
22-12-2024 14:00:30 - Call to undefined method Eshop::getDb() in C:\Users\polag\eshop\index.php:11
22-12-2024 14:00:33 - Call to undefined method Eshop::getDb() in C:\Users\polag\eshop\index.php:11
22-12-2024 14:00:33 - Call to undefined method Eshop::getDb() in C:\Users\polag\eshop\index.php:11
22-12-2024 14:00:36 - Call to undefined method Eshop::getDb() in C:\Users\polag\eshop\index.php:11
22-12-2024 14:00:36 - Call to undefined method Eshop::getDb() in C:\Users\polag\eshop\index.php:11
22-12-2024 14:00:39 - Call to undefined method Eshop::getDb() in C:\Users\polag\eshop\index.php:11
22-12-2024 14:00:39 - Call to undefined method Eshop::getDb() in C:\Users\polag\eshop\index.php:11
22-12-2024 14:00:42 - Call to undefined method Eshop::getDb() in C:\Users\polag\eshop\index.php:11
22-12-2024 14:00:42 - Call to undefined method Eshop::getDb() in C:\Users\polag\eshop\index.php:11
22-12-2024 14:00:45 - Call to undefined method Eshop::getDb() in C:\Users\polag\eshop\index.php:11
22-12-2024 14:00:45 - Call to undefined method Eshop::getDb() in C:\Users\polag\eshop\index.php:11
22-12-2024 14:00:48 - Call to undefined method Eshop::getDb() in C:\Users\polag\eshop\index.php:11
22-12-2024 14:00:49 - Call to undefined method Eshop::getDb() in C:\Users\polag\eshop\index.php:11
22-12-2024 14:00:52 - Call to undefined method Eshop::getDb() in C:\Users\polag\eshop\index.php:11
22-12-2024 14:00:52 - Call to undefined method Eshop::getDb() in C:\Users\polag\eshop\index.php:11
22-12-2024 14:00:55 - Call to undefined method Eshop::getDb() in C:\Users\polag\eshop\index.php:11
22-12-2024 14:00:55 - Call to undefined method Eshop::getDb() in C:\Users\polag\eshop\index.php:11
22-12-2024 14:00:58 - Call to undefined method Eshop::getDb() in C:\Users\polag\eshop\index.php:11
22-12-2024 14:00:58 - Call to undefined method Eshop::getDb() in C:\Users\polag\eshop\index.php:11
22-12-2024 14:01:01 - Call to undefined method Eshop::getDb() in C:\Users\polag\eshop\index.php:11
22-12-2024 14:01:01 - Call to undefined method Eshop::getDb() in C:\Users\polag\eshop\index.php:11
22-12-2024 14:01:04 - Call to undefined method Eshop::getDb() in C:\Users\polag\eshop\index.php:11
22-12-2024 14:01:04 - Call to undefined method Eshop::getDb() in C:\Users\polag\eshop\index.php:11
22-12-2024 14:01:07 - Call to undefined method Eshop::getDb() in C:\Users\polag\eshop\index.php:11
22-12-2024 14:01:07 - Call to undefined method Eshop::getDb() in C:\Users\polag\eshop\index.php:11
22-12-2024 14:01:10 - Call to undefined method Eshop::getDb() in C:\Users\polag\eshop\index.php:11
22-12-2024 14:01:10 - Call to undefined method Eshop::getDb() in C:\Users\polag\eshop\index.php:11
22-12-2024 14:01:13 - Call to undefined method Eshop::getDb() in C:\Users\polag\eshop\index.php:11
22-12-2024 14:01:13 - Call to undefined method Eshop::getDb() in C:\Users\polag\eshop\index.php:11
22-12-2024 14:01:16 - Call to undefined method Eshop::getDb() in C:\Users\polag\eshop\index.php:11
22-12-2024 14:01:16 - Call to undefined method Eshop::getDb() in C:\Users\polag\eshop\index.php:11
22-12-2024 14:01:19 - Call to undefined method Eshop::getDb() in C:\Users\polag\eshop\index.php:11
22-12-2024 14:01:19 - Call to undefined method Eshop::getDb() in C:\Users\polag\eshop\index.php:11
22-12-2024 14:01:22 - Call to undefined method Eshop::getDb() in C:\Users\polag\eshop\index.php:11
22-12-2024 14:01:22 - Call to undefined method Eshop::getDb() in C:\Users\polag\eshop\index.php:11
22-12-2024 14:01:25 - Call to undefined method Eshop::getDb() in C:\Users\polag\eshop\index.php:11
22-12-2024 14:01:26 - Call to undefined method Eshop::getDb() in C:\Users\polag\eshop\index.php:11
22-12-2024 14:01:29 - Call to undefined method Eshop::getDb() in C:\Users\polag\eshop\index.php:11
22-12-2024 14:01:29 - Call to undefined method Eshop::getDb() in C:\Users\polag\eshop\index.php:11
22-12-2024 14:01:32 - Call to undefined method Eshop::getDb() in C:\Users\polag\eshop\index.php:11
22-12-2024 14:01:32 - Call to undefined method Eshop::getDb() in C:\Users\polag\eshop\index.php:11
22-12-2024 14:01:35 - Call to undefined method Eshop::getDb() in C:\Users\polag\eshop\index.php:11
22-12-2024 14:01:35 - Call to undefined method Eshop::getDb() in C:\Users\polag\eshop\index.php:11
22-12-2024 14:01:38 - Call to undefined method Eshop::getDb() in C:\Users\polag\eshop\index.php:11
22-12-2024 14:01:38 - Call to undefined method Eshop::getDb() in C:\Users\polag\eshop\index.php:11
22-12-2024 14:01:41 - Call to undefined method Eshop::getDb() in C:\Users\polag\eshop\index.php:11
22-12-2024 14:01:41 - Call to undefined method Eshop::getDb() in C:\Users\polag\eshop\index.php:11
22-12-2024 14:01:44 - Call to undefined method Eshop::getDb() in C:\Users\polag\eshop\index.php:11
22-12-2024 14:01:44 - Call to undefined method Eshop::getDb() in C:\Users\polag\eshop\index.php:11
22-12-2024 14:01:47 - Call to undefined method Eshop::getDb() in C:\Users\polag\eshop\index.php:11
22-12-2024 14:01:47 - Call to undefined method Eshop::getDb() in C:\Users\polag\eshop\index.php:11
22-12-2024 14:01:50 - Call to undefined method Eshop::getDb() in C:\Users\polag\eshop\index.php:11
22-12-2024 14:01:50 - Call to undefined method Eshop::getDb() in C:\Users\polag\eshop\index.php:11
22-12-2024 14:01:53 - Call to undefined method Eshop::getDb() in C:\Users\polag\eshop\index.php:11
22-12-2024 14:01:53 - Call to undefined method Eshop::getDb() in C:\Users\polag\eshop\index.php:11
22-12-2024 14:01:56 - Call to undefined method Eshop::getDb() in C:\Users\polag\eshop\index.php:11
22-12-2024 14:01:57 - Call to undefined method Eshop::getDb() in C:\Users\polag\eshop\index.php:11
22-12-2024 14:02:00 - Call to undefined method Eshop::getDb() in C:\Users\polag\eshop\index.php:11
22-12-2024 14:02:00 - Call to undefined method Eshop::getDb() in C:\Users\polag\eshop\index.php:11
22-12-2024 14:02:08 - Call to undefined method Eshop::getDb() in C:\Users\polag\eshop\index.php:11
22-12-2024 14:02:08 - Call to undefined method Eshop::getDb() in C:\Users\polag\eshop\index.php:11
22-12-2024 14:02:11 - Call to undefined method Eshop::getDb() in C:\Users\polag\eshop\index.php:11
22-12-2024 14:02:11 - Call to undefined method Eshop::getDb() in C:\Users\polag\eshop\index.php:11
22-12-2024 14:02:14 - Call to undefined method Eshop::getDb() in C:\Users\polag\eshop\index.php:11
22-12-2024 14:02:14 - Call to undefined method Eshop::getDb() in C:\Users\polag\eshop\index.php:11
22-12-2024 14:02:17 - Call to undefined method Eshop::getDb() in C:\Users\polag\eshop\index.php:11
22-12-2024 14:02:17 - Call to undefined method Eshop::getDb() in C:\Users\polag\eshop\index.php:11
22-12-2024 14:02:20 - Call to undefined method Eshop::getDb() in C:\Users\polag\eshop\index.php:11
22-12-2024 14:02:20 - Call to undefined method Eshop::getDb() in C:\Users\polag\eshop\index.php:11
22-12-2024 14:02:21 - Call to undefined method Eshop::getDb() in C:\Users\polag\eshop\index.php:11
22-12-2024 14:02:22 - Call to undefined method Eshop::getDb() in C:\Users\polag\eshop\index.php:11
22-12-2024 14:02:25 - Call to undefined method Eshop::getDb() in C:\Users\polag\eshop\index.php:11
22-12-2024 14:02:25 - Call to undefined method Eshop::getDb() in C:\Users\polag\eshop\index.php:11
22-12-2024 14:02:28 - Call to undefined method Eshop::getDb() in C:\Users\polag\eshop\index.php:11
22-12-2024 14:02:28 - Call to undefined method Eshop::getDb() in C:\Users\polag\eshop\index.php:11
22-12-2024 14:02:31 - Call to undefined method Eshop::getDb() in C:\Users\polag\eshop\index.php:11
22-12-2024 14:02:31 - Call to undefined method Eshop::getDb() in C:\Users\polag\eshop\index.php:11
22-12-2024 14:02:34 - Call to undefined method Eshop::getDb() in C:\Users\polag\eshop\index.php:11
22-12-2024 14:02:34 - Call to undefined method Eshop::getDb() in C:\Users\polag\eshop\index.php:11
22-12-2024 14:02:37 - Call to undefined method Eshop::getDb() in C:\Users\polag\eshop\index.php:11
22-12-2024 14:02:37 - Call to undefined method Eshop::getDb() in C:\Users\polag\eshop\index.php:11
22-12-2024 14:02:40 - Call to undefined method Eshop::getDb() in C:\Users\polag\eshop\index.php:11
22-12-2024 14:02:40 - Call to undefined method Eshop::getDb() in C:\Users\polag\eshop\index.php:11
22-12-2024 14:02:43 - Call to undefined method Eshop::getDb() in C:\Users\polag\eshop\index.php:11
22-12-2024 14:02:43 - Call to undefined method Eshop::getDb() in C:\Users\polag\eshop\index.php:11
22-12-2024 14:02:46 - Call to undefined method Eshop::getDb() in C:\Users\polag\eshop\index.php:11
22-12-2024 14:02:46 - Call to undefined method Eshop::getDb() in C:\Users\polag\eshop\index.php:11
22-12-2024 16:40:33 - SQLSTATE[HY000] [1045] Access denied for user 'root'@'localhost' (using password: YES) in C:\Users\polag\eshop\core\Eshop.class.php:7
22-12-2024 16:40:35 - SQLSTATE[HY000] [1045] Access denied for user 'root'@'localhost' (using password: YES) in C:\Users\polag\eshop\core\Eshop.class.php:7
22-12-2024 16:40:41 - SQLSTATE[HY000] [1045] Access denied for user 'root'@'localhost' (using password: YES) in C:\Users\polag\eshop\core\Eshop.class.php:7
22-12-2024 16:40:43 - SQLSTATE[HY000] [1045] Access denied for user 'root'@'localhost' (using password: YES) in C:\Users\polag\eshop\core\Eshop.class.php:7
22-12-2024 16:40:58 - SQLSTATE[HY000] [1045] Access denied for user 'root'@'localhost' (using password: YES) in C:\Users\polag\eshop\core\Eshop.class.php:7
22-12-2024 16:41:02 - SQLSTATE[HY000] [1045] Access denied for user 'root'@'localhost' (using password: YES) in C:\Users\polag\eshop\core\Eshop.class.php:7
22-12-2024 16:53:20 - SQLSTATE[HY000] [1045] Access denied for user 'root'@'localhost' (using password: YES) in C:\Users\polag\eshop\core\Eshop.class.php:7
22-12-2024 16:53:22 - SQLSTATE[HY000] [1045] Access denied for user 'root'@'localhost' (using password: YES) in C:\Users\polag\eshop\core\Eshop.class.php:7
22-12-2024 16:55:00 - SQLSTATE[HY000] [1045] Access denied for user 'root'@'localhost' (using password: YES) in C:\Users\polag\eshop\core\Eshop.class.php:7
22-12-2024 16:56:02 - session_start(): open(session\sess_2984d14e72d813214f40088c719648cf, O_RDWR) failed: No such file or directory (2) in C:\Users\polag\eshop\core\init.php:51
22-12-2024 16:56:02 - session_start(): Failed to read session data: files (path: session) in C:\Users\polag\eshop\core\init.php:51
22-12-2024 16:56:05 - session_start(): open(session\sess_2984d14e72d813214f40088c719648cf, O_RDWR) failed: No such file or directory (2) in C:\Users\polag\eshop\core\init.php:51
22-12-2024 16:56:05 - session_start(): Failed to read session data: files (path: session) in C:\Users\polag\eshop\core\init.php:51
22-12-2024 16:56:05 - Undefined variable $eshop in C:\Users\polag\eshop\app\catalog.php:17
22-12-2024 16:56:05 - Call to a member function getCatalog() on null in C:\Users\polag\eshop\app\catalog.php:17
22-12-2024 16:56:09 - session_start(): open(session\sess_2984d14e72d813214f40088c719648cf, O_RDWR) failed: No such file or directory (2) in C:\Users\polag\eshop\core\init.php:51
22-12-2024 16:56:09 - session_start(): Failed to read session data: files (path: session) in C:\Users\polag\eshop\core\init.php:51
22-12-2024 16:56:09 - Undefined variable $eshop in C:\Users\polag\eshop\app\catalog.php:17
22-12-2024 16:56:09 - Call to a member function getCatalog() on null in C:\Users\polag\eshop\app\catalog.php:17
22-12-2024 17:00:07 - Undefined variable $path in C:\Users\polag\eshop\app\__router.php:3
22-12-2024 17:00:07 - Undefined variable $path in C:\Users\polag\eshop\app\__router.php:3
22-12-2024 17:00:07 - Undefined variable $path in C:\Users\polag\eshop\app\__router.php:3
22-12-2024 17:00:07 - Undefined variable $path in C:\Users\polag\eshop\app\__router.php:3
22-12-2024 17:00:07 - Undefined variable $path in C:\Users\polag\eshop\app\__router.php:3
22-12-2024 17:00:07 - Undefined variable $path in C:\Users\polag\eshop\app\__router.php:3
22-12-2024 17:00:07 - Undefined variable $path in C:\Users\polag\eshop\app\__router.php:3
22-12-2024 17:00:07 - Undefined variable $path in C:\Users\polag\eshop\app\__router.php:3
22-12-2024 17:00:07 - Undefined variable $path in C:\Users\polag\eshop\app\__router.php:3
22-12-2024 17:00:07 - Undefined variable $path in C:\Users\polag\eshop\app\__router.php:3
22-12-2024 17:00:07 - Undefined variable $path in C:\Users\polag\eshop\app\__router.php:3
22-12-2024 17:00:07 - Undefined variable $path in C:\Users\polag\eshop\app\__router.php:3
22-12-2024 17:00:07 - Undefined variable $path in C:\Users\polag\eshop\app\__router.php:3
22-12-2024 17:00:07 - Undefined variable $path in C:\Users\polag\eshop\app\__router.php:3
22-12-2024 17:00:07 - Undefined variable $path in C:\Users\polag\eshop\app\__router.php:3
22-12-2024 17:00:07 - Undefined variable $path in C:\Users\polag\eshop\app\__router.php:3
22-12-2024 17:00:07 - Undefined variable $path in C:\Users\polag\eshop\app\__router.php:3
22-12-2024 17:00:07 - Undefined variable $path in C:\Users\polag\eshop\app\__router.php:3
22-12-2024 17:00:07 - Undefined variable $path in C:\Users\polag\eshop\app\__router.php:3
22-12-2024 17:00:07 - Undefined variable $path in C:\Users\polag\eshop\app\__router.php:3
22-12-2024 17:00:08 - Undefined variable $path in C:\Users\polag\eshop\app\__router.php:3
22-12-2024 17:00:08 - Undefined variable $path in C:\Users\polag\eshop\app\__router.php:3
22-12-2024 17:00:08 - Undefined variable $path in C:\Users\polag\eshop\app\__router.php:3
22-12-2024 17:00:09 - Undefined variable $path in C:\Users\polag\eshop\app\__router.php:3
22-12-2024 17:00:09 - Undefined variable $path in C:\Users\polag\eshop\app\__router.php:3
22-12-2024 17:00:09 - Undefined variable $path in C:\Users\polag\eshop\app\__router.php:3
22-12-2024 17:00:09 - Undefined variable $path in C:\Users\polag\eshop\app\__router.php:3
22-12-2024 17:00:10 - Undefined variable $path in C:\Users\polag\eshop\app\__router.php:3
22-12-2024 17:00:10 - Undefined variable $path in C:\Users\polag\eshop\app\__router.php:3
22-12-2024 17:00:10 - Undefined variable $path in C:\Users\polag\eshop\app\__router.php:3
22-12-2024 17:00:10 - Undefined variable $path in C:\Users\polag\eshop\app\__router.php:3
22-12-2024 17:00:10 - Undefined variable $path in C:\Users\polag\eshop\app\__router.php:3
22-12-2024 17:00:10 - Undefined variable $path in C:\Users\polag\eshop\app\__router.php:3
22-12-2024 17:00:10 - Undefined variable $path in C:\Users\polag\eshop\app\__router.php:3
22-12-2024 17:00:10 - Undefined variable $path in C:\Users\polag\eshop\app\__router.php:3
22-12-2024 17:00:10 - Undefined variable $path in C:\Users\polag\eshop\app\__router.php:3
22-12-2024 17:00:10 - Undefined variable $path in C:\Users\polag\eshop\app\__router.php:3
22-12-2024 17:00:10 - Undefined variable $path in C:\Users\polag\eshop\app\__router.php:3
22-12-2024 17:00:10 - Undefined variable $path in C:\Users\polag\eshop\app\__router.php:3
22-12-2024 17:00:10 - Undefined variable $path in C:\Users\polag\eshop\app\__router.php:3
22-12-2024 17:00:10 - Undefined variable $path in C:\Users\polag\eshop\app\__router.php:3
22-12-2024 17:00:10 - Undefined variable $path in C:\Users\polag\eshop\app\__router.php:3
22-12-2024 17:00:10 - Undefined variable $path in C:\Users\polag\eshop\app\__router.php:3
22-12-2024 17:00:10 - Undefined variable $path in C:\Users\polag\eshop\app\__router.php:3
22-12-2024 17:00:10 - Undefined variable $path in C:\Users\polag\eshop\app\__router.php:3
22-12-2024 17:00:10 - Undefined variable $path in C:\Users\polag\eshop\app\__router.php:3
22-12-2024 17:00:10 - Undefined variable $path in C:\Users\polag\eshop\app\__router.php:3
22-12-2024 17:00:11 - Undefined variable $path in C:\Users\polag\eshop\app\__router.php:3
22-12-2024 17:00:11 - Undefined variable $path in C:\Users\polag\eshop\app\__router.php:3
22-12-2024 17:00:11 - Undefined variable $path in C:\Users\polag\eshop\app\__router.php:3
22-12-2024 17:00:12 - Undefined variable $path in C:\Users\polag\eshop\app\__router.php:3
22-12-2024 17:00:12 - Undefined variable $path in C:\Users\polag\eshop\app\__router.php:3
22-12-2024 17:00:12 - Undefined variable $path in C:\Users\polag\eshop\app\__router.php:3
22-12-2024 17:00:12 - Undefined variable $path in C:\Users\polag\eshop\app\__router.php:3
22-12-2024 17:00:12 - Undefined variable $path in C:\Users\polag\eshop\app\__router.php:3
22-12-2024 17:00:12 - Undefined variable $path in C:\Users\polag\eshop\app\__router.php:3
22-12-2024 17:00:12 - Undefined variable $path in C:\Users\polag\eshop\app\__router.php:3
22-12-2024 17:00:12 - Undefined variable $path in C:\Users\polag\eshop\app\__router.php:3
22-12-2024 17:00:12 - Undefined variable $path in C:\Users\polag\eshop\app\__router.php:3
22-12-2024 17:00:12 - Undefined variable $path in C:\Users\polag\eshop\app\__router.php:3
22-12-2024 17:00:12 - Undefined variable $path in C:\Users\polag\eshop\app\__router.php:3
22-12-2024 17:00:12 - Undefined variable $path in C:\Users\polag\eshop\app\__router.php:3
22-12-2024 17:00:12 - Undefined variable $path in C:\Users\polag\eshop\app\__router.php:3
22-12-2024 17:00:12 - Undefined variable $path in C:\Users\polag\eshop\app\__router.php:3
22-12-2024 17:00:12 - Undefined variable $path in C:\Users\polag\eshop\app\__router.php:3
22-12-2024 17:00:12 - Undefined variable $path in C:\Users\polag\eshop\app\__router.php:3
22-12-2024 17:00:12 - Undefined variable $path in C:\Users\polag\eshop\app\__router.php:3
22-12-2024 17:00:14 - Undefined variable $path in C:\Users\polag\eshop\app\__router.php:3
22-12-2024 17:00:14 - Undefined variable $path in C:\Users\polag\eshop\app\__router.php:3
22-12-2024 17:00:14 - Undefined variable $path in C:\Users\polag\eshop\app\__router.php:3
22-12-2024 17:00:14 - Undefined variable $path in C:\Users\polag\eshop\app\__router.php:3
22-12-2024 17:00:14 - Undefined variable $path in C:\Users\polag\eshop\app\__router.php:3
22-12-2024 17:00:14 - Undefined variable $path in C:\Users\polag\eshop\app\__router.php:3
22-12-2024 17:00:15 - Undefined variable $path in C:\Users\polag\eshop\app\__router.php:3
22-12-2024 17:00:15 - Undefined variable $path in C:\Users\polag\eshop\app\__router.php:3
22-12-2024 17:00:15 - Undefined variable $path in C:\Users\polag\eshop\app\__router.php:3
22-12-2024 17:00:15 - Undefined variable $path in C:\Users\polag\eshop\app\__router.php:3
22-12-2024 17:00:15 - Undefined variable $path in C:\Users\polag\eshop\app\__router.php:3
22-12-2024 17:00:15 - Undefined variable $path in C:\Users\polag\eshop\app\__router.php:3
22-12-2024 17:00:15 - Undefined variable $path in C:\Users\polag\eshop\app\__router.php:3
22-12-2024 17:00:15 - Undefined variable $path in C:\Users\polag\eshop\app\__router.php:3
22-12-2024 17:00:15 - Undefined variable $path in C:\Users\polag\eshop\app\__router.php:3
22-12-2024 17:00:15 - Undefined variable $path in C:\Users\polag\eshop\app\__router.php:3
22-12-2024 17:00:15 - Undefined variable $path in C:\Users\polag\eshop\app\__router.php:3
22-12-2024 17:00:15 - Undefined variable $path in C:\Users\polag\eshop\app\__router.php:3
22-12-2024 17:00:15 - Undefined variable $path in C:\Users\polag\eshop\app\__router.php:3
22-12-2024 17:00:15 - Undefined variable $path in C:\Users\polag\eshop\app\__router.php:3
22-12-2024 17:00:16 - Undefined variable $path in C:\Users\polag\eshop\app\__router.php:3
22-12-2024 17:00:16 - Undefined variable $path in C:\Users\polag\eshop\app\__router.php:3
22-12-2024 17:00:16 - Undefined variable $path in C:\Users\polag\eshop\app\__router.php:3
22-12-2024 17:00:16 - Undefined variable $path in C:\Users\polag\eshop\app\__router.php:3
22-12-2024 17:00:16 - Undefined variable $path in C:\Users\polag\eshop\app\__router.php:3
22-12-2024 17:00:16 - Undefined variable $path in C:\Users\polag\eshop\app\__router.php:3
22-12-2024 17:00:16 - Undefined variable $path in C:\Users\polag\eshop\app\__router.php:3
22-12-2024 17:00:16 - Undefined variable $path in C:\Users\polag\eshop\app\__router.php:3
22-12-2024 17:00:16 - Undefined variable $path in C:\Users\polag\eshop\app\__router.php:3
22-12-2024 17:00:16 - Undefined variable $path in C:\Users\polag\eshop\app\__router.php:3
22-12-2024 17:00:16 - Undefined variable $path in C:\Users\polag\eshop\app\__router.php:3
22-12-2024 17:00:16 - Undefined variable $path in C:\Users\polag\eshop\app\__router.php:3
22-12-2024 17:00:16 - Undefined variable $path in C:\Users\polag\eshop\app\__router.php:3
22-12-2024 17:00:16 - Undefined variable $path in C:\Users\polag\eshop\app\__router.php:3
22-12-2024 17:00:16 - Undefined variable $path in C:\Users\polag\eshop\app\__router.php:3
22-12-2024 17:00:16 - Undefined variable $path in C:\Users\polag\eshop\app\__router.php:3
22-12-2024 17:00:16 - Undefined variable $path in C:\Users\polag\eshop\app\__router.php:3
22-12-2024 17:00:16 - Undefined variable $path in C:\Users\polag\eshop\app\__router.php:3
22-12-2024 17:00:16 - Undefined variable $path in C:\Users\polag\eshop\app\__router.php:3
22-12-2024 17:00:16 - Undefined variable $path in C:\Users\polag\eshop\app\__router.php:3
22-12-2024 17:02:06 - Undefined variable $eshop in C:\Users\polag\eshop\app\catalog.php:17
22-12-2024 17:02:06 - Call to a member function getCatalog() on null in C:\Users\polag\eshop\app\catalog.php:17
22-12-2024 17:02:12 - Undefined variable $eshop in C:\Users\polag\eshop\app\catalog.php:17
22-12-2024 17:02:12 - Call to a member function getCatalog() on null in C:\Users\polag\eshop\app\catalog.php:17
22-12-2024 17:03:49 - require_once(../core/init.php): Failed to open stream: No such file or directory in C:\Users\polag\eshop\app\catalog.php:2
22-12-2024 17:03:49 - Failed opening required '../core/init.php' (include_path='.;C:\php\pear;core/;app/;app/admin/') in C:\Users\polag\eshop\app\catalog.php:2
22-12-2024 17:08:22 - Undefined variable $eshop in C:\Users\polag\eshop\app\catalog.php:22
22-12-2024 17:08:22 - Call to a member function getCatalog() on null in C:\Users\polag\eshop\app\catalog.php:22
24-12-2024 21:13:33 - Passing E_USER_ERROR to trigger_error() is deprecated since 8.4, throw an exception or call exit with a string message instead in C:\Users\polag\eshop\core\Eshop.class.php:82
24-12-2024 21:13:33 - Не удалось прочитать корзину. in C:\Users\polag\eshop\core\Eshop.class.php:82
24-12-2024 21:13:33 - foreach() argument must be of type array|object, null given in C:\Users\polag\eshop\core\Eshop.class.php:86
24-12-2024 21:16:36 - Passing E_USER_ERROR to trigger_error() is deprecated since 8.4, throw an exception or call exit with a string message instead in C:\Users\polag\eshop\core\Eshop.class.php:82
24-12-2024 21:16:36 - Не удалось прочитать корзину. in C:\Users\polag\eshop\core\Eshop.class.php:82
24-12-2024 21:16:36 - foreach() argument must be of type array|object, null given in C:\Users\polag\eshop\core\Eshop.class.php:86
24-12-2024 21:19:59 - Passing E_USER_ERROR to trigger_error() is deprecated since 8.4, throw an exception or call exit with a string message instead in C:\Users\polag\eshop\core\Eshop.class.php:82
24-12-2024 21:19:59 - Не удалось прочитать корзину. in C:\Users\polag\eshop\core\Eshop.class.php:82
24-12-2024 21:19:59 - foreach() argument must be of type array|object, null given in C:\Users\polag\eshop\core\Eshop.class.php:86
24-12-2024 21:23:44 - Undefined constant "DB" in C:\Users\polag\eshop\core\init.php:47
24-12-2024 21:24:18 - Passing E_USER_ERROR to trigger_error() is deprecated since 8.4, throw an exception or call exit with a string message instead in C:\Users\polag\eshop\core\Eshop.class.php:82
24-12-2024 21:24:18 - Не удалось прочитать корзину. in C:\Users\polag\eshop\core\Eshop.class.php:82
24-12-2024 21:24:18 - foreach() argument must be of type array|object, null given in C:\Users\polag\eshop\core\Eshop.class.php:86
24-12-2024 21:31:32 - Passing E_USER_ERROR to trigger_error() is deprecated since 8.4, throw an exception or call exit with a string message instead in C:\Users\polag\eshop\core\Eshop.class.php:82
24-12-2024 21:31:32 - Не удалось прочитать корзину. in C:\Users\polag\eshop\core\Eshop.class.php:82
24-12-2024 21:31:32 - foreach() argument must be of type array|object, null given in C:\Users\polag\eshop\core\Eshop.class.php:86
24-12-2024 21:31:42 - Passing E_USER_ERROR to trigger_error() is deprecated since 8.4, throw an exception or call exit with a string message instead in C:\Users\polag\eshop\core\Eshop.class.php:82
24-12-2024 21:31:42 - Не удалось прочитать корзину. in C:\Users\polag\eshop\core\Eshop.class.php:82
24-12-2024 21:31:42 - foreach() argument must be of type array|object, null given in C:\Users\polag\eshop\core\Eshop.class.php:86
24-12-2024 21:31:54 - Passing E_USER_ERROR to trigger_error() is deprecated since 8.4, throw an exception or call exit with a string message instead in C:\Users\polag\eshop\core\Eshop.class.php:82
24-12-2024 21:31:54 - Не удалось прочитать корзину. in C:\Users\polag\eshop\core\Eshop.class.php:82
24-12-2024 21:31:54 - foreach() argument must be of type array|object, null given in C:\Users\polag\eshop\core\Eshop.class.php:86
24-12-2024 21:38:32 - Too few arguments to function Book::__construct(), 0 passed and at least 4 expected in C:\Users\polag\eshop\core\Book.class.php:11
24-12-2024 21:38:53 - Too few arguments to function Book::__construct(), 0 passed and at least 4 expected in C:\Users\polag\eshop\core\Book.class.php:11
24-12-2024 21:40:23 - Too few arguments to function Book::__construct(), 0 passed and at least 4 expected in C:\Users\polag\eshop\core\Book.class.php:11
24-12-2024 21:40:26 - Too few arguments to function Book::__construct(), 0 passed and at least 4 expected in C:\Users\polag\eshop\core\Book.class.php:11
24-12-2024 21:42:23 - Too few arguments to function Book::__construct(), 0 passed and at least 4 expected in C:\Users\polag\eshop\core\Book.class.php:11
25-12-2024 10:27:42 - Too few arguments to function Book::__construct(), 0 passed and at least 4 expected in C:\Users\polag\eshop\core\Book.class.php:11
25-12-2024 10:27:54 - Too few arguments to function Book::__construct(), 0 passed and at least 4 expected in C:\Users\polag\eshop\core\Book.class.php:11
25-12-2024 10:42:08 - Order::__construct(): Implicitly marking parameter $timestamp as nullable is deprecated, the explicit nullable type must be used instead in C:\Users\polag\eshop\core\Order.class.php:14
25-12-2024 10:42:08 - Passing E_USER_ERROR to trigger_error() is deprecated since 8.4, throw an exception or call exit with a string message instead in C:\Users\polag\eshop\core\Eshop.class.php:110
25-12-2024 10:42:08 - Не удалось добавить заказ. in C:\Users\polag\eshop\core\Eshop.class.php:110
25-12-2024 10:42:08 - Undefined property: stdClass::$id in C:\Users\polag\eshop\core\Eshop.class.php:114
25-12-2024 10:42:08 - Passing E_USER_ERROR to trigger_error() is deprecated since 8.4, throw an exception or call exit with a string message instead in C:\Users\polag\eshop\core\Eshop.class.php:118
25-12-2024 10:42:08 - Не удалось добавить книгу в заказ. in C:\Users\polag\eshop\core\Eshop.class.php:118
25-12-2024 10:42:08 - Undefined property: stdClass::$id in C:\Users\polag\eshop\core\Eshop.class.php:114
25-12-2024 10:42:08 - Passing E_USER_ERROR to trigger_error() is deprecated since 8.4, throw an exception or call exit with a string message instead in C:\Users\polag\eshop\core\Eshop.class.php:118
25-12-2024 10:42:08 - Не удалось добавить книгу в заказ. in C:\Users\polag\eshop\core\Eshop.class.php:118
25-12-2024 12:07:13 - Order::__construct(): Implicitly marking parameter $timestamp as nullable is deprecated, the explicit nullable type must be used instead in C:\Users\polag\eshop\core\Order.class.php:14
25-12-2024 12:07:13 - Passing E_USER_ERROR to trigger_error() is deprecated since 8.4, throw an exception or call exit with a string message instead in C:\Users\polag\eshop\core\Eshop.class.php:110
25-12-2024 12:07:13 - Не удалось добавить заказ. in C:\Users\polag\eshop\core\Eshop.class.php:110
25-12-2024 12:07:13 - Undefined property: stdClass::$id in C:\Users\polag\eshop\core\Eshop.class.php:114
25-12-2024 12:07:13 - Passing E_USER_ERROR to trigger_error() is deprecated since 8.4, throw an exception or call exit with a string message instead in C:\Users\polag\eshop\core\Eshop.class.php:118
25-12-2024 12:07:13 - Не удалось добавить книгу в заказ. in C:\Users\polag\eshop\core\Eshop.class.php:118
25-12-2024 12:07:13 - Undefined property: stdClass::$id in C:\Users\polag\eshop\core\Eshop.class.php:114
25-12-2024 12:07:13 - Passing E_USER_ERROR to trigger_error() is deprecated since 8.4, throw an exception or call exit with a string message instead in C:\Users\polag\eshop\core\Eshop.class.php:118
25-12-2024 12:07:13 - Не удалось добавить книгу в заказ. in C:\Users\polag\eshop\core\Eshop.class.php:118
25-12-2024 12:37:07 - Passing E_USER_ERROR to trigger_error() is deprecated since 8.4, throw an exception or call exit with a string message instead in C:\Users\polag\eshop\core\Eshop.class.php:213
25-12-2024 12:37:07 - Не удалось получить пользователя in C:\Users\polag\eshop\core\Eshop.class.php:213
25-12-2024 12:37:07 - Eshop::logIn(): Argument #1 ($user) must be of type User, null given, called in C:\Users\polag\eshop\app\login.php on line 25 in C:\Users\polag\eshop\core\Eshop.class.php:231
26-12-2024 10:52:12 - Passing E_USER_ERROR to trigger_error() is deprecated since 8.4, throw an exception or call exit with a string message instead in C:\Users\polag\eshop\core\Eshop.class.php:226
26-12-2024 10:52:12 - Не удалось получить пользователя: SQLSTATE[42000]: Syntax error or access violation: 1305 PROCEDURE eshop.spGetAdmin does not exist in C:\Users\polag\eshop\core\Eshop.class.php:226
26-12-2024 11:01:58 - Attempt to read property "password_hash" on null in C:\Users\polag\eshop\app\login.php:22
26-12-2024 11:01:58 - password_verify(): Passing null to parameter #2 ($hash) of type string is deprecated in C:\Users\polag\eshop\app\login.php:22
26-12-2024 11:10:01 - Order::__construct(): Implicitly marking parameter $timestamp as nullable is deprecated, the explicit nullable type must be used instead in C:\Users\polag\eshop\core\Order.class.php:14
26-12-2024 11:10:01 - Passing E_USER_ERROR to trigger_error() is deprecated since 8.4, throw an exception or call exit with a string message instead in C:\Users\polag\eshop\core\Eshop.class.php:110
26-12-2024 11:10:01 - Не удалось добавить заказ. in C:\Users\polag\eshop\core\Eshop.class.php:110
26-12-2024 11:10:01 - Undefined property: stdClass::$id in C:\Users\polag\eshop\core\Eshop.class.php:114
26-12-2024 11:10:01 - Passing E_USER_ERROR to trigger_error() is deprecated since 8.4, throw an exception or call exit with a string message instead in C:\Users\polag\eshop\core\Eshop.class.php:118
26-12-2024 11:10:01 - Не удалось добавить книгу в заказ. in C:\Users\polag\eshop\core\Eshop.class.php:118
26-12-2024 11:10:01 - Undefined property: stdClass::$id in C:\Users\polag\eshop\core\Eshop.class.php:114
26-12-2024 11:10:01 - Passing E_USER_ERROR to trigger_error() is deprecated since 8.4, throw an exception or call exit with a string message instead in C:\Users\polag\eshop\core\Eshop.class.php:118
26-12-2024 11:10:01 - Не удалось добавить книгу в заказ. in C:\Users\polag\eshop\core\Eshop.class.php:118
26-12-2024 11:10:01 - Undefined property: stdClass::$id in C:\Users\polag\eshop\core\Eshop.class.php:114
26-12-2024 11:10:01 - Passing E_USER_ERROR to trigger_error() is deprecated since 8.4, throw an exception or call exit with a string message instead in C:\Users\polag\eshop\core\Eshop.class.php:118
26-12-2024 11:10:01 - Не удалось добавить книгу в заказ. in C:\Users\polag\eshop\core\Eshop.class.php:118
26-12-2024 17:57:18 - require_once(C:\Users\polag\eshop\app/core/init.php): Failed to open stream: No such file or directory in C:\Users\polag\eshop\app\login.php:2
26-12-2024 17:57:18 - Failed opening required 'C:\Users\polag\eshop\app/core/init.php' (include_path='.;C:\php\pear;core/;app/;app/admin/') in C:\Users\polag\eshop\app\login.php:2
26-12-2024 18:03:08 - Trying to access array offset on false in C:\Users\polag\eshop\core\init.php:51
26-12-2024 18:03:08 - rtrim(): Passing null to parameter #1 ($string) of type string is deprecated in C:\Users\polag\eshop\core\init.php:51
26-12-2024 18:08:33 - Passing E_USER_ERROR to trigger_error() is deprecated since 8.4, throw an exception or call exit with a string message instead in C:\Users\polag\eshop\core\Eshop.class.php:209
26-12-2024 18:08:33 - Не удалось получить пользователя in C:\Users\polag\eshop\core\Eshop.class.php:209
26-12-2024 18:10:22 - Не удалось получить пользователя in C:\Users\polag\eshop\core\Eshop.class.php:209
26-12-2024 18:15:14 - Trying to access array offset on false in C:\Users\polag\eshop\core\init.php:51
26-12-2024 18:15:14 - rtrim(): Passing null to parameter #1 ($string) of type string is deprecated in C:\Users\polag\eshop\core\init.php:51
26-12-2024 18:15:20 - Undefined variable $dbUser in C:\Users\polag\eshop\app\login.php:37
26-12-2024 18:32:36 - Trying to access array offset on false in C:\Users\polag\eshop\core\Eshop.class.php:195
26-12-2024 18:32:36 - Trying to access array offset on false in C:\Users\polag\eshop\core\Eshop.class.php:200
26-12-2024 18:32:36 - password_verify(): Passing null to parameter #2 ($hash) of type string is deprecated in C:\Users\polag\eshop\core\Eshop.class.php:200
